#! /usr/bin/vvp
:ivl_version "10.3 (stable)";
:ivl_delay_selection "TYPICAL";
:vpi_time_precision - 12;
:vpi_module "system";
:vpi_module "vhdl_sys";
:vpi_module "v2005_math";
:vpi_module "va_math";
S_0x55a183650e90 .scope module, "circuit_tb" "circuit_tb" 2 6;
 .timescale -9 -12;
v0x55a183668040_0 .var "clk", 0 0;
v0x55a183668100_0 .var "en", 0 0;
v0x55a1836681a0_0 .var/i "i", 31 0;
v0x55a183668270_0 .var "rst", 0 0;
v0x55a183668340_0 .var/i "seed", 31 0;
v0x55a183668450_0 .var "x", 95 0;
v0x55a183668510_0 .net "y", 95 0, L_0x55a1836185b0;  1 drivers
S_0x55a183651010 .scope module, "c0" "circuit" 2 35, 3 4 0, S_0x55a183650e90;
 .timescale -9 -12;
    .port_info 0 /INPUT 1 "rst"
    .port_info 1 /INPUT 1 "clk"
    .port_info 2 /INPUT 1 "en"
    .port_info 3 /INPUT 96 "X"
    .port_info 4 /OUTPUT 96 "Y"
P_0x55a183653370 .param/l "W" 0 3 6, +C4<00000000000000000000000001100000>;
L_0x55a1836185b0 .functor BUFZ 96, v0x55a183667de0_0, C4<000000000000000000000000000000000000000000000000000000000000000000000000000000000000000000000000>, C4<000000000000000000000000000000000000000000000000000000000000000000000000000000000000000000000000>, C4<000000000000000000000000000000000000000000000000000000000000000000000000000000000000000000000000>;
v0x55a18363ea50_0 .net "X", 95 0, v0x55a183668450_0;  1 drivers
v0x55a18363f350_0 .net "Y", 95 0, L_0x55a1836185b0;  alias, 1 drivers
v0x55a18362bbc0_0 .net "clk", 0 0, v0x55a183668040_0;  1 drivers
v0x55a183667af0_0 .var "cnt", 6 0;
v0x55a183667bd0_0 .net "en", 0 0, v0x55a183668100_0;  1 drivers
v0x55a183667d00_0 .var "max", 95 0;
v0x55a183667de0_0 .var "new_max", 95 0;
v0x55a183667ec0_0 .net "rst", 0 0, v0x55a183668270_0;  1 drivers
E_0x55a18364dc50 .event edge, v0x55a18363ea50_0, v0x55a183667d00_0;
E_0x55a18364ed80 .event posedge, v0x55a18362bbc0_0;
    .scope S_0x55a183651010;
T_0 ;
    %wait E_0x55a18364ed80;
    %load/vec4 v0x55a183667ec0_0;
    %flag_set/vec4 8;
    %jmp/0xz  T_0.0, 8;
    %pushi/vec4 0, 0, 96;
    %assign/vec4 v0x55a183667d00_0, 0;
    %jmp T_0.1;
T_0.0 ;
    %load/vec4 v0x55a183667bd0_0;
    %load/vec4 v0x55a183667af0_0;
    %pad/u 32;
    %pushi/vec4 99, 0, 32;
    %cmp/e;
    %flag_get/vec4 4;
    %inv;
    %and;
    %flag_set/vec4 8;
    %jmp/0xz  T_0.2, 8;
    %load/vec4 v0x55a183667de0_0;
    %assign/vec4 v0x55a183667d00_0, 0;
T_0.2 ;
T_0.1 ;
    %jmp T_0;
    .thread T_0;
    .scope S_0x55a183651010;
T_1 ;
    %wait E_0x55a18364ed80;
    %load/vec4 v0x55a183667ec0_0;
    %flag_set/vec4 8;
    %jmp/0xz  T_1.0, 8;
    %pushi/vec4 0, 0, 7;
    %assign/vec4 v0x55a183667af0_0, 0;
    %jmp T_1.1;
T_1.0 ;
    %load/vec4 v0x55a183667af0_0;
    %pad/u 32;
    %cmpi/ne 99, 0, 32;
    %jmp/0xz  T_1.2, 4;
    %load/vec4 v0x55a183667af0_0;
    %addi 1, 0, 7;
    %assign/vec4 v0x55a183667af0_0, 0;
T_1.2 ;
T_1.1 ;
    %jmp T_1;
    .thread T_1;
    .scope S_0x55a183651010;
T_2 ;
    %wait E_0x55a18364dc50;
    %load/vec4 v0x55a183667d00_0;
    %load/vec4 v0x55a18363ea50_0;
    %cmp/u;
    %jmp/0xz  T_2.0, 5;
    %load/vec4 v0x55a18363ea50_0;
    %store/vec4 v0x55a183667de0_0, 0, 96;
T_2.0 ;
    %jmp T_2;
    .thread T_2, $push;
    .scope S_0x55a183650e90;
T_3 ;
    %pushi/vec4 1, 0, 1;
    %store/vec4 v0x55a183668040_0, 0, 1;
    %pushi/vec4 0, 0, 1;
    %store/vec4 v0x55a183668270_0, 0, 1;
    %end;
    .thread T_3;
    .scope S_0x55a183650e90;
T_4 ;
    %delay 5000, 0;
    %load/vec4 v0x55a183668040_0;
    %inv;
    %store/vec4 v0x55a183668040_0, 0, 1;
    %jmp T_4;
    .thread T_4;
    .scope S_0x55a183650e90;
T_5 ;
    %delay 1000, 0;
    %pushi/vec4 1, 0, 1;
    %store/vec4 v0x55a183668270_0, 0, 1;
    %delay 10000, 0;
    %pushi/vec4 0, 0, 1;
    %store/vec4 v0x55a183668270_0, 0, 1;
    %end;
    .thread T_5;
    .scope S_0x55a183650e90;
T_6 ;
    %pushi/vec4 7, 0, 32;
    %store/vec4 v0x55a183668340_0, 0, 32;
    %vpi_call 2 19 "$dumpfile", "circuit.vcd" {0 0 0};
    %vpi_call 2 20 "$dumpvars" {0 0 0};
    %pushi/vec4 0, 0, 1;
    %store/vec4 v0x55a183668100_0, 0, 1;
    %pushi/vec4 0, 0, 32;
    %store/vec4 v0x55a1836681a0_0, 0, 32;
T_6.0 ;
    %load/vec4 v0x55a1836681a0_0;
    %cmpi/s 100, 0, 32;
    %jmp/0xz T_6.1, 5;
    %vpi_func 2 23 "$urandom" 32, v0x55a183668340_0 {0 0 0};
    %pad/u 96;
    %store/vec4 v0x55a183668450_0, 0, 96;
    %wait E_0x55a18364ed80;
    %delay 1000, 0;
    %pushi/vec4 1, 0, 1;
    %store/vec4 v0x55a183668100_0, 0, 1;
    %vpi_call 2 24 "$display", "%d %d", v0x55a183668450_0, v0x55a183668510_0 {0 0 0};
    %load/vec4 v0x55a1836681a0_0;
    %addi 1, 0, 32;
    %store/vec4 v0x55a1836681a0_0, 0, 32;
    %jmp T_6.0;
T_6.1 ;
    %wait E_0x55a18364ed80;
    %delay 100000, 0;
    %vpi_call 2 27 "$finish" {0 0 0};
    %end;
    .thread T_6;
# The file index is used to find the file name in the following table.
:file_names 4;
    "N/A";
    "<interactive>";
    "circuit_tb.v";
    "circuit.v";
